C51 COMPILER V9.01   SERIAL_PORT                                                           07/14/2018 21:38:30 PAGE 1   


C51 COMPILER V9.01, COMPILATION OF MODULE SERIAL_PORT
OBJECT MODULE PLACED IN serial_port.obj
COMPILER INVOKED BY: B:\Keil C51\C51\BIN\C51.EXE src\serial_port.c BROWSE DEBUG OBJECTEXTEND PRINT(.\serial_port.lst) OB
                    -JECT(serial_port.obj)

line level    source

   1          #include "reg51.h"
   2          
   3          #define FOSC 12000000L
   4          #define BAUD 9600
   5          
   6          
   7          void init_serial_port(void);
   8          void send_data(char);
   9          
  10          /*************************************************/
  11          
  12          void send_data(char dat)
  13          {
  14   1          while (!TI);                    //等待前一个数据发送完成
  15   1          TI = 0;                         //清除发送标志
  16   1          SBUF = dat;                     //发送当前数据
  17   1      }
  18          
  19          
  20          void init_serial_port()
  21          {
  22   1          SCON = 0x40;
  23   1          REN = 1;
  24   1          // PCON = 0x00;
  25   1          TMOD &= 0x0f;
  26   1          TMOD |= 0x20;
  27   1          // TH1 = TL1 =256-(FOSC/12/32/BAUD);
  28   1          TH1 = TL1 = 253;
  29   1          TI = 1;
  30   1          TR1 = 1;
  31   1      }


MODULE INFORMATION:   STATIC OVERLAYABLE
   CODE SIZE        =     30    ----
   CONSTANT SIZE    =   ----    ----
   XDATA SIZE       =   ----    ----
   PDATA SIZE       =   ----    ----
   DATA SIZE        =   ----    ----
   IDATA SIZE       =   ----    ----
   BIT SIZE         =   ----    ----
END OF MODULE INFORMATION.


C51 COMPILATION COMPLETE.  0 WARNING(S),  0 ERROR(S)
