C51 COMPILER V9.01   TIMER                                                                 07/15/2018 00:28:12 PAGE 1   


C51 COMPILER V9.01, COMPILATION OF MODULE TIMER
OBJECT MODULE PLACED IN Timer.obj
COMPILER INVOKED BY: B:\Keil C51\C51\BIN\C51.EXE src\Timer.c BROWSE DEBUG OBJECTEXTEND PRINT(.\Timer.lst) OBJECT(Timer.o
                    -bj)

line level    source

   1          #include "reg51.h"
   2          
   3          bit osTime1ms = 0;// os time 1ms
   4          char i ;
   5          
   6          
   7          void Timer0Init(void);
   8          
   9          void Timer0Init()
  10          {
  11   1          TMOD &= 0xf0;
  12   1          TMOD |= 0x01;
  13   1          TH0 = 0xd8;
  14   1          TL0 = 0xf0; // 10ms
  15   1          // EA = 1; ET0 = 1;//中断开关
  16   1          i = 0;
  17   1          TR0 = 1; //TCON
  18   1          while(1);
  19   1      }
  20          
  21          void time0() interrupt 1
  22          {
  23   1          TH0 = 0xd8;
  24   1          TL0 = 0xf0; // 10ms
  25   1          i++;
  26   1          if(i==100)
  27   1          {
  28   2              P0 = ~P0; i = 0;
  29   2          }
  30   1      }
  31          
  32          // void main()
  33          // {
  34          //     P0 = 0xaa;
  35          //     Timer0Init();
  36          // }


MODULE INFORMATION:   STATIC OVERLAYABLE
   CODE SIZE        =     47    ----
   CONSTANT SIZE    =   ----    ----
   XDATA SIZE       =   ----    ----
   PDATA SIZE       =   ----    ----
   DATA SIZE        =      1    ----
   IDATA SIZE       =   ----    ----
   BIT SIZE         =      1    ----
END OF MODULE INFORMATION.


C51 COMPILATION COMPLETE.  0 WARNING(S),  0 ERROR(S)
